2024-05-12 11:46:54.310 [info] Log level: Info
2024-05-12 11:46:54.310 [info] Validating found git in: "git"
2024-05-12 11:46:54.310 [info] Using git "2.45.0" from "git"
2024-05-12 11:46:54.310 [info] > git rev-parse --show-toplevel [2ms]
2024-05-12 11:46:54.310 [info] > git rev-parse --git-dir --git-common-dir [1ms]
2024-05-12 11:46:54.310 [info] Open repository: /home/lyzer/B-AIA-200-PAR-2-1-n4s-louis.thomas
2024-05-12 11:46:54.310 [info] > git rev-parse --show-toplevel [3ms]
2024-05-12 11:46:54.310 [info] > git config --get commit.template [6ms]
2024-05-12 11:46:54.310 [info] > git rev-parse --show-toplevel [5ms]
2024-05-12 11:46:54.310 [info] > git rev-parse --show-toplevel [1ms]
2024-05-12 11:46:54.310 [info] > git for-each-ref --format=%(refname)%00%(upstream:short)%00%(objectname)%00%(upstream:track)%00%(upstream:remotename)%00%(upstream:remoteref) refs/heads/main refs/remotes/main [5ms]
2024-05-12 11:46:54.310 [info] > git rev-parse --show-toplevel [4ms]
2024-05-12 11:46:54.310 [info] > git status -z -uall [6ms]
2024-05-12 11:46:54.310 [info] > git rev-parse --show-toplevel [7ms]
2024-05-12 11:46:54.310 [info] > git merge-base refs/heads/main refs/remotes/origin/main [4ms]
2024-05-12 11:46:54.310 [info] > git rev-list --count --left-right refs/heads/main...refs/remotes/origin/main [2ms]
2024-05-12 11:46:54.311 [info] > git diff --name-status -z --diff-filter=ADMR 499fcca4db48b38ead5505ca5fe043d6d3c28e98...refs/remotes/origin/main [2ms]
2024-05-12 11:46:54.328 [info] > git show --textconv HEAD:src/loop.c [4ms]
2024-05-12 11:46:54.331 [info] > git ls-tree -l HEAD -- /home/lyzer/B-AIA-200-PAR-2-1-n4s-louis.thomas/src/loop.c [4ms]
2024-05-12 11:46:54.511 [info] > git ls-tree -l HEAD -- /home/lyzer/B-AIA-200-PAR-2-1-n4s-louis.thomas/src/loop.c [19ms]
2024-05-12 11:46:54.771 [info] > git config --get commit.template [3ms]
2024-05-12 11:46:54.777 [info] > git for-each-ref --format=%(refname)%00%(upstream:short)%00%(objectname)%00%(upstream:track)%00%(upstream:remotename)%00%(upstream:remoteref) refs/heads/main refs/remotes/main [2ms]
2024-05-12 11:46:54.785 [info] > git status -z -uall [3ms]
2024-05-12 11:46:54.991 [info] > git check-ignore -v -z --stdin [2ms]
2024-05-12 11:46:55.464 [info] > git ls-tree -l HEAD -- /home/lyzer/B-AIA-200-PAR-2-1-n4s-louis.thomas/src/loop.c [2ms]
2024-05-12 11:46:56.600 [info] > git ls-tree -l HEAD -- /home/lyzer/B-AIA-200-PAR-2-1-n4s-louis.thomas/src/loop.c [1ms]
2024-05-12 11:46:57.918 [info] > git ls-tree -l HEAD -- /home/lyzer/B-AIA-200-PAR-2-1-n4s-louis.thomas/src/loop.c [2ms]
2024-05-12 11:46:58.461 [info] > git check-ignore -v -z --stdin [2ms]
2024-05-12 11:46:58.798 [info] > git ls-tree -l HEAD -- /home/lyzer/B-AIA-200-PAR-2-1-n4s-louis.thomas/src/loop.c [1ms]
2024-05-12 11:46:59.628 [info] > git ls-tree -l HEAD -- /home/lyzer/B-AIA-200-PAR-2-1-n4s-louis.thomas/src/loop.c [1ms]
2024-05-12 11:47:05.138 [info] > git ls-tree -l HEAD -- /home/lyzer/B-AIA-200-PAR-2-1-n4s-louis.thomas/src/loop.c [2ms]
2024-05-12 11:47:20.456 [info] > git ls-tree -l HEAD -- /home/lyzer/B-AIA-200-PAR-2-1-n4s-louis.thomas/src/loop.c [3ms]
2024-05-12 11:47:25.067 [info] > git ls-tree -l HEAD -- /home/lyzer/B-AIA-200-PAR-2-1-n4s-louis.thomas/src/loop.c [1ms]
2024-05-12 11:47:27.739 [info] > git check-ignore -v -z --stdin [1ms]
2024-05-12 11:47:47.806 [info] > git config --get commit.template [5ms]
2024-05-12 11:47:47.811 [info] > git ls-tree -l HEAD -- /home/lyzer/B-AIA-200-PAR-2-1-n4s-louis.thomas/src/loop.c [6ms]
2024-05-12 11:47:47.812 [info] > git for-each-ref --format=%(refname)%00%(upstream:short)%00%(objectname)%00%(upstream:track)%00%(upstream:remotename)%00%(upstream:remoteref) refs/heads/main refs/remotes/main [2ms]
2024-05-12 11:47:47.819 [info] > git status -z -uall [1ms]
