2024-05-11 15:08:53.302 [info] Log level: Info
2024-05-11 15:08:53.302 [info] Validating found git in: "git"
2024-05-11 15:08:53.302 [info] Using git "2.45.0" from "git"
2024-05-11 15:08:53.302 [info] > git rev-parse --show-toplevel [30ms]
2024-05-11 15:08:53.302 [info] > git rev-parse --git-dir --git-common-dir [53ms]
2024-05-11 15:08:53.302 [info] Open repository: /home/lyzer/corewar
2024-05-11 15:08:53.313 [info] > git rev-parse --show-toplevel [4ms]
2024-05-11 15:08:53.314 [info] > git config --get commit.template [7ms]
2024-05-11 15:08:53.324 [info] > git rev-parse --show-toplevel [6ms]
2024-05-11 15:08:53.326 [info] > git for-each-ref --format=%(refname)%00%(upstream:short)%00%(objectname)%00%(upstream:track)%00%(upstream:remotename)%00%(upstream:remoteref) refs/heads/main refs/remotes/main [4ms]
2024-05-11 15:08:53.330 [warning] ENOENT: no such file or directory, open '/home/lyzer/corewar/.git/refs/remotes/origin/main'
2024-05-11 15:08:53.343 [info] > git rev-parse refs/remotes/origin/main [13ms]
2024-05-11 15:08:53.356 [info] > git status -z -uall [9ms]
2024-05-11 15:08:53.369 [info] > git merge-base refs/heads/main refs/remotes/origin/main [9ms]
2024-05-11 15:08:53.373 [info] > git config --get commit.template [7ms]
2024-05-11 15:08:53.382 [info] > git rev-list --count --left-right refs/heads/main...refs/remotes/origin/main [10ms]
2024-05-11 15:08:53.392 [info] > git for-each-ref --format=%(refname)%00%(upstream:short)%00%(objectname)%00%(upstream:track)%00%(upstream:remotename)%00%(upstream:remoteref) refs/heads/main refs/remotes/main [2ms]
2024-05-11 15:08:53.393 [info] > git diff --name-status -z --diff-filter=ADMR 19138633de1ab08ac93db783a619d1444d7ba15e...refs/remotes/origin/main [6ms]
2024-05-11 15:08:53.396 [warning] ENOENT: no such file or directory, open '/home/lyzer/corewar/.git/refs/remotes/origin/main'
2024-05-11 15:08:53.397 [info] > git rev-parse refs/remotes/origin/main [1ms]
2024-05-11 15:08:53.403 [info] > git status -z -uall [3ms]
2024-05-11 15:08:53.819 [info] > git check-ignore -v -z --stdin [1ms]
2024-05-11 15:09:04.044 [info] > git config --get commit.template [4ms]
2024-05-11 15:09:04.044 [info] > git for-each-ref --format=%(refname)%00%(upstream:short)%00%(objectname)%00%(upstream:track)%00%(upstream:remotename)%00%(upstream:remoteref) refs/heads/main refs/remotes/main [1ms]
2024-05-11 15:09:04.047 [warning] ENOENT: no such file or directory, open '/home/lyzer/corewar/.git/refs/remotes/origin/main'
2024-05-11 15:09:04.048 [info] > git rev-parse refs/remotes/origin/main [1ms]
2024-05-11 15:09:04.051 [info] > git status -z -uall [1ms]
2024-05-11 15:09:09.058 [info] > git config --get commit.template [1ms]
2024-05-11 15:09:09.061 [info] > git for-each-ref --format=%(refname)%00%(upstream:short)%00%(objectname)%00%(upstream:track)%00%(upstream:remotename)%00%(upstream:remoteref) refs/heads/main refs/remotes/main [1ms]
2024-05-11 15:09:09.066 [info] > git status -z -uall [1ms]
2024-05-11 15:09:09.071 [info] > git merge-base refs/heads/main refs/remotes/origin/main [2ms]
2024-05-11 15:09:09.075 [info] > git rev-list --count --left-right refs/heads/main...refs/remotes/origin/main [1ms]
2024-05-11 15:09:09.078 [info] > git diff --name-status -z --diff-filter=ADMR 356844f133836df25cdf84d2899d6dd1e664c377...refs/remotes/origin/main [1ms]
2024-05-11 15:09:50.594 [info] > git config --get commit.template [3ms]
2024-05-11 15:09:50.594 [info] > git for-each-ref --format=%(refname)%00%(upstream:short)%00%(objectname)%00%(upstream:track)%00%(upstream:remotename)%00%(upstream:remoteref) refs/heads/unitests refs/remotes/unitests [1ms]
2024-05-11 15:09:50.600 [info] > git status -z -uall [2ms]
2024-05-11 15:09:50.609 [info] > git merge-base refs/heads/unitests refs/remotes/origin/unitests [4ms]
2024-05-11 15:09:50.617 [info] > git rev-list --count --left-right refs/heads/unitests...refs/remotes/origin/unitests [3ms]
2024-05-11 15:09:50.621 [info] > git diff --name-status -z --diff-filter=ADMR 356844f133836df25cdf84d2899d6dd1e664c377...refs/remotes/origin/unitests [1ms]
2024-05-11 15:10:01.845 [info] > git config --get commit.template [1ms]
2024-05-11 15:10:01.848 [info] > git for-each-ref --format=%(refname)%00%(upstream:short)%00%(objectname)%00%(upstream:track)%00%(upstream:remotename)%00%(upstream:remoteref) refs/heads/unitests refs/remotes/unitests [1ms]
2024-05-11 15:10:01.852 [info] > git status -z -uall [1ms]
2024-05-11 15:10:01.868 [info] > git check-ignore -v -z --stdin [0ms]
2024-05-11 15:18:16.252 [info] > git config --get commit.template [2ms]
2024-05-11 15:18:16.253 [info] > git for-each-ref --format=%(refname)%00%(upstream:short)%00%(objectname)%00%(upstream:track)%00%(upstream:remotename)%00%(upstream:remoteref) refs/heads/unitests refs/remotes/unitests [1ms]
2024-05-11 15:18:16.257 [info] > git status -z -uall [1ms]
2024-05-11 15:18:47.085 [info] > git log --format=%H%n%aN%n%aE%n%at%n%ct%n%P%n%D%n%B -z -n120 --follow -- /home/lyzer/corewar/tests/.gitkeep [2ms]
2024-05-11 15:18:47.247 [info] > git show --textconv :tests/.gitkeep [3ms]
2024-05-11 15:18:47.248 [info] > git ls-files --stage -- /home/lyzer/corewar/tests/.gitkeep [1ms]
2024-05-11 15:18:47.504 [info] > git check-ignore -v -z --stdin [1ms]
2024-05-11 15:18:48.007 [info] > git config --get commit.template [2ms]
2024-05-11 15:18:48.009 [info] > git for-each-ref --format=%(refname)%00%(upstream:short)%00%(objectname)%00%(upstream:track)%00%(upstream:remotename)%00%(upstream:remoteref) refs/heads/unitests refs/remotes/unitests [1ms]
2024-05-11 15:18:48.014 [info] > git status -z -uall [2ms]
2024-05-11 15:18:49.853 [info] > git log --format=%H%n%aN%n%aE%n%at%n%ct%n%P%n%D%n%B -z -n120 --follow -- /home/lyzer/corewar/tests/.gitkeep [2ms]
2024-05-11 15:18:50.451 [info] > git ls-files --stage -- /home/lyzer/corewar/tests/.gitkeep [1ms]
2024-05-11 15:18:50.455 [info] > git cat-file -s e69de29bb2d1d6434b8b29ae775ad8c2e48c5391 [1ms]
2024-05-11 15:18:50.459 [info] > git show --textconv :tests/.gitkeep [1ms]
2024-05-11 15:18:51.823 [info] > git log --format=%H%n%aN%n%aE%n%at%n%ct%n%P%n%D%n%B -z -n120 --follow -- /home/lyzer/corewar/tests/.gitkeep [4ms]
2024-05-11 15:18:52.418 [info] > git ls-files --stage -- /home/lyzer/corewar/tests/.gitkeep [1ms]
2024-05-11 15:18:52.421 [info] > git cat-file -s e69de29bb2d1d6434b8b29ae775ad8c2e48c5391 [1ms]
2024-05-11 15:18:52.425 [info] > git show --textconv :tests/.gitkeep [1ms]
2024-05-11 15:18:53.024 [info] > git config --get commit.template [2ms]
2024-05-11 15:18:53.025 [info] > git for-each-ref --format=%(refname)%00%(upstream:short)%00%(objectname)%00%(upstream:track)%00%(upstream:remotename)%00%(upstream:remoteref) refs/heads/unitests refs/remotes/unitests [1ms]
2024-05-11 15:18:53.030 [info] > git status -z -uall [1ms]
2024-05-11 15:18:53.036 [info] > git merge-base refs/heads/unitests refs/remotes/origin/unitests [3ms]
2024-05-11 15:18:53.045 [info] > git rev-list --count --left-right refs/heads/unitests...refs/remotes/origin/unitests [3ms]
2024-05-11 15:18:53.054 [info] > git diff --name-status -z --diff-filter=ADMR 356844f133836df25cdf84d2899d6dd1e664c377...refs/remotes/origin/unitests [3ms]
2024-05-11 15:18:57.226 [info] > git rev-list --count 0ec81c50a8d649fe4d4f3ffd402609b8c6b5e261.. -- /home/lyzer/corewar/tests/.gitkeep [2ms]
2024-05-11 15:18:57.232 [info] > git log --format=%H%n%aN%n%aE%n%at%n%ct%n%P%n%D%n%B -z -n2 --follow -- /home/lyzer/corewar/tests/.gitkeep [4ms]
2024-05-11 15:18:57.852 [info] > git ls-files --stage -- /home/lyzer/corewar/tests/.gitkeep [2ms]
2024-05-11 15:18:57.855 [info] > git cat-file -s e69de29bb2d1d6434b8b29ae775ad8c2e48c5391 [1ms]
2024-05-11 15:18:57.862 [info] > git show --textconv :tests/.gitkeep [2ms]
2024-05-11 15:18:58.044 [info] > git config --get commit.template [4ms]
2024-05-11 15:18:58.045 [info] > git for-each-ref --format=%(refname)%00%(upstream:short)%00%(objectname)%00%(upstream:track)%00%(upstream:remotename)%00%(upstream:remoteref) refs/heads/unitests refs/remotes/unitests [1ms]
2024-05-11 15:18:58.051 [info] > git status -z -uall [2ms]
2024-05-11 15:18:58.056 [info] > git merge-base refs/heads/unitests refs/remotes/origin/unitests [2ms]
2024-05-11 15:18:58.062 [info] > git rev-list --count --left-right refs/heads/unitests...refs/remotes/origin/unitests [2ms]
2024-05-11 15:18:58.067 [info] > git diff --name-status -z --diff-filter=ADMR 0ec81c50a8d649fe4d4f3ffd402609b8c6b5e261...refs/remotes/origin/unitests [2ms]
2024-05-11 15:19:02.546 [info] > git log --format=%H%n%aN%n%aE%n%at%n%ct%n%P%n%D%n%B -z -n120 --follow -- /home/lyzer/corewar/Makefile [3ms]
2024-05-11 15:19:02.755 [info] > git show --textconv :Makefile [4ms]
2024-05-11 15:19:02.756 [info] > git ls-files --stage -- /home/lyzer/corewar/Makefile [2ms]
2024-05-11 15:19:02.760 [info] > git cat-file -s 7ffb944effa447daef1385c6b30ee8ef8192ff3e [1ms]
2024-05-11 15:19:38.083 [info] > git log --format=%H%n%aN%n%aE%n%at%n%ct%n%P%n%D%n%B -z -n120 --follow -- /home/lyzer/corewar/tests/Makefile [3ms]
2024-05-11 15:19:38.284 [info] > git show --textconv :tests/Makefile [3ms]
2024-05-11 15:19:38.285 [info] > git ls-files --stage -- /home/lyzer/corewar/tests/Makefile [1ms]
2024-05-11 15:19:38.568 [info] > git check-ignore -v -z --stdin [2ms]
2024-05-11 15:19:39.125 [info] > git config --get commit.template [5ms]
2024-05-11 15:19:39.125 [info] > git for-each-ref --format=%(refname)%00%(upstream:short)%00%(objectname)%00%(upstream:track)%00%(upstream:remotename)%00%(upstream:remoteref) refs/heads/unitests refs/remotes/unitests [2ms]
2024-05-11 15:19:39.130 [info] > git status -z -uall [1ms]
2024-05-11 15:19:40.121 [info] > git log --format=%H%n%aN%n%aE%n%at%n%ct%n%P%n%D%n%B -z -n120 --follow -- /home/lyzer/corewar/Makefile [3ms]
2024-05-11 15:19:40.323 [info] > git show --textconv :Makefile [3ms]
2024-05-11 15:19:40.324 [info] > git ls-files --stage -- /home/lyzer/corewar/Makefile [1ms]
2024-05-11 15:19:40.327 [info] > git cat-file -s 7ffb944effa447daef1385c6b30ee8ef8192ff3e [1ms]
2024-05-11 15:20:11.650 [info] > git config --get commit.template [1ms]
2024-05-11 15:20:11.653 [info] > git for-each-ref --format=%(refname)%00%(upstream:short)%00%(objectname)%00%(upstream:track)%00%(upstream:remotename)%00%(upstream:remoteref) refs/heads/unitests refs/remotes/unitests [1ms]
2024-05-11 15:20:11.658 [info] > git status -z -uall [2ms]
2024-05-11 15:20:15.320 [info] > git log --format=%H%n%aN%n%aE%n%at%n%ct%n%P%n%D%n%B -z -n120 --follow -- /home/lyzer/corewar/tests/Makefile [3ms]
2024-05-11 15:20:15.525 [info] > git show --textconv :tests/Makefile [4ms]
2024-05-11 15:20:15.525 [info] > git ls-files --stage -- /home/lyzer/corewar/tests/Makefile [1ms]
2024-05-11 15:20:24.594 [info] > git config --get commit.template [1ms]
2024-05-11 15:20:24.597 [info] > git for-each-ref --format=%(refname)%00%(upstream:short)%00%(objectname)%00%(upstream:track)%00%(upstream:remotename)%00%(upstream:remoteref) refs/heads/unitests refs/remotes/unitests [1ms]
2024-05-11 15:20:24.601 [info] > git status -z -uall [1ms]
2024-05-11 15:20:29.609 [info] > git config --get commit.template [3ms]
2024-05-11 15:20:29.610 [info] > git for-each-ref --format=%(refname)%00%(upstream:short)%00%(objectname)%00%(upstream:track)%00%(upstream:remotename)%00%(upstream:remoteref) refs/heads/unitests refs/remotes/unitests [1ms]
2024-05-11 15:20:29.617 [info] > git status -z -uall [2ms]
2024-05-11 15:20:34.622 [info] > git config --get commit.template [1ms]
2024-05-11 15:20:34.625 [info] > git for-each-ref --format=%(refname)%00%(upstream:short)%00%(objectname)%00%(upstream:track)%00%(upstream:remotename)%00%(upstream:remoteref) refs/heads/unitests refs/remotes/unitests [1ms]
2024-05-11 15:20:34.630 [info] > git status -z -uall [1ms]
2024-05-11 15:20:39.639 [info] > git config --get commit.template [2ms]
2024-05-11 15:20:39.640 [info] > git for-each-ref --format=%(refname)%00%(upstream:short)%00%(objectname)%00%(upstream:track)%00%(upstream:remotename)%00%(upstream:remoteref) refs/heads/unitests refs/remotes/unitests [2ms]
2024-05-11 15:20:39.644 [info] > git status -z -uall [1ms]
2024-05-11 15:20:47.038 [info] > git config --get commit.template [3ms]
2024-05-11 15:20:47.038 [info] > git for-each-ref --format=%(refname)%00%(upstream:short)%00%(objectname)%00%(upstream:track)%00%(upstream:remotename)%00%(upstream:remoteref) refs/heads/unitests refs/remotes/unitests [1ms]
2024-05-11 15:20:47.043 [info] > git status -z -uall [2ms]
2024-05-11 15:21:12.368 [info] > git log --format=%H%n%aN%n%aE%n%at%n%ct%n%P%n%D%n%B -z -n120 --follow -- /home/lyzer/corewar/tests/Makefile [1ms]
2024-05-11 15:21:12.569 [info] > git show --textconv :tests/Makefile [3ms]
2024-05-11 15:21:12.570 [info] > git ls-files --stage -- /home/lyzer/corewar/tests/Makefile [1ms]
2024-05-11 15:21:16.948 [info] > git config --get commit.template [1ms]
2024-05-11 15:21:16.951 [info] > git for-each-ref --format=%(refname)%00%(upstream:short)%00%(objectname)%00%(upstream:track)%00%(upstream:remotename)%00%(upstream:remoteref) refs/heads/unitests refs/remotes/unitests [1ms]
2024-05-11 15:21:16.956 [info] > git status -z -uall [2ms]
2024-05-11 15:21:21.965 [info] > git config --get commit.template [3ms]
2024-05-11 15:21:21.965 [info] > git for-each-ref --format=%(refname)%00%(upstream:short)%00%(objectname)%00%(upstream:track)%00%(upstream:remotename)%00%(upstream:remoteref) refs/heads/unitests refs/remotes/unitests [1ms]
2024-05-11 15:21:21.970 [info] > git status -z -uall [2ms]
2024-05-11 15:21:26.976 [info] > git config --get commit.template [1ms]
2024-05-11 15:21:26.979 [info] > git for-each-ref --format=%(refname)%00%(upstream:short)%00%(objectname)%00%(upstream:track)%00%(upstream:remotename)%00%(upstream:remoteref) refs/heads/unitests refs/remotes/unitests [1ms]
2024-05-11 15:21:26.985 [info] > git status -z -uall [2ms]
2024-05-11 15:21:43.733 [info] > git log --format=%H%n%aN%n%aE%n%at%n%ct%n%P%n%D%n%B -z -n120 --follow -- /home/lyzer/corewar/tests/Makefile [2ms]
2024-05-11 15:21:44.235 [info] > git config --get commit.template [3ms]
2024-05-11 15:21:44.236 [info] > git for-each-ref --format=%(refname)%00%(upstream:short)%00%(objectname)%00%(upstream:track)%00%(upstream:remotename)%00%(upstream:remoteref) refs/heads/unitests refs/remotes/unitests [1ms]
2024-05-11 15:21:44.241 [info] > git status -z -uall [1ms]
2024-05-11 15:21:44.333 [info] > git ls-files --stage -- /home/lyzer/corewar/tests/Makefile [1ms]
2024-05-11 15:21:44.336 [info] > git cat-file -s d107ea99c74b11b138f330a19b8fa2c46a8a8560 [1ms]
2024-05-11 15:21:44.341 [info] > git show --textconv :tests/Makefile [1ms]
2024-05-11 15:21:55.803 [info] > git log --format=%H%n%aN%n%aE%n%at%n%ct%n%P%n%D%n%B -z -n120 --follow -- /home/lyzer/corewar/tests/Makefile [3ms]
2024-05-11 15:21:56.300 [info] > git config --get commit.template [1ms]
2024-05-11 15:21:56.304 [info] > git for-each-ref --format=%(refname)%00%(upstream:short)%00%(objectname)%00%(upstream:track)%00%(upstream:remotename)%00%(upstream:remoteref) refs/heads/unitests refs/remotes/unitests [1ms]
2024-05-11 15:21:56.309 [info] > git status -z -uall [2ms]
2024-05-11 15:21:56.313 [info] > git merge-base refs/heads/unitests refs/remotes/origin/unitests [1ms]
2024-05-11 15:21:56.317 [info] > git rev-list --count --left-right refs/heads/unitests...refs/remotes/origin/unitests [1ms]
2024-05-11 15:21:56.322 [info] > git diff --name-status -z --diff-filter=ADMR 0ec81c50a8d649fe4d4f3ffd402609b8c6b5e261...refs/remotes/origin/unitests [1ms]
2024-05-11 15:21:56.401 [info] > git ls-files --stage -- /home/lyzer/corewar/tests/Makefile [0ms]
2024-05-11 15:21:56.403 [info] > git cat-file -s d107ea99c74b11b138f330a19b8fa2c46a8a8560 [1ms]
2024-05-11 15:21:56.408 [info] > git show --textconv :tests/Makefile [2ms]
2024-05-11 15:21:59.990 [info] > git rev-list --count index.. -- /home/lyzer/corewar/tests/Makefile [2ms]
2024-05-11 15:21:59.990 [info] fatal: bad revision 'index..'
2024-05-11 15:21:59.997 [info] > git log --format=%H%n%aN%n%aE%n%at%n%ct%n%P%n%D%n%B -z --follow -- /home/lyzer/corewar/tests/Makefile [4ms]
2024-05-11 15:22:00.589 [info] > git ls-files --stage -- /home/lyzer/corewar/tests/Makefile [1ms]
2024-05-11 15:22:00.592 [info] > git cat-file -s d107ea99c74b11b138f330a19b8fa2c46a8a8560 [1ms]
2024-05-11 15:22:00.596 [info] > git show --textconv :tests/Makefile [1ms]
2024-05-11 15:22:01.319 [info] > git config --get commit.template [2ms]
2024-05-11 15:22:01.320 [info] > git for-each-ref --format=%(refname)%00%(upstream:short)%00%(objectname)%00%(upstream:track)%00%(upstream:remotename)%00%(upstream:remoteref) refs/heads/unitests refs/remotes/unitests [1ms]
2024-05-11 15:22:01.325 [info] > git status -z -uall [2ms]
2024-05-11 15:22:01.331 [info] > git merge-base refs/heads/unitests refs/remotes/origin/unitests [3ms]
2024-05-11 15:22:01.337 [info] > git rev-list --count --left-right refs/heads/unitests...refs/remotes/origin/unitests [2ms]
2024-05-11 15:22:01.343 [info] > git diff --name-status -z --diff-filter=ADMR 2bade7eb4d81001c6f1c95d66a21ed5435be73aa...refs/remotes/origin/unitests [2ms]
