2024-04-17 00:56:00.572 [info] Log level: Info
2024-04-17 00:56:00.572 [info] Validating found git in: "git"
2024-04-17 00:56:00.572 [info] Using git "2.44.0" from "git"
2024-04-17 00:56:00.572 [info] > git rev-parse --show-toplevel [4ms]
2024-04-17 00:56:00.572 [info] fatal: not a git repository (or any of the parent directories): .git
2024-04-17 00:56:00.572 [info] > git rev-parse --show-toplevel [25ms]
2024-04-17 00:56:00.572 [info] fatal: not a git repository (or any of the parent directories): .git
2024-04-17 00:56:00.573 [info] > git rev-parse --show-toplevel [2ms]
2024-04-17 00:56:00.573 [info] fatal: not a git repository (or any of the parent directories): .git
2024-04-17 00:56:00.578 [info] > git rev-parse --show-toplevel [1ms]
2024-04-17 00:56:00.578 [info] fatal: not a git repository (or any of the parent directories): .git
2024-04-17 00:56:00.583 [info] > git rev-parse --show-toplevel [2ms]
2024-04-17 00:56:00.583 [info] fatal: not a git repository (or any of the parent directories): .git
2024-04-17 00:56:00.588 [info] > git rev-parse --show-toplevel [2ms]
2024-04-17 00:56:00.588 [info] fatal: not a git repository (or any of the parent directories): .git
2024-04-17 00:56:00.599 [info] > git rev-parse --show-toplevel [1ms]
2024-04-17 00:56:00.599 [info] fatal: not a git repository (or any of the parent directories): .git
2024-04-17 00:56:00.604 [info] > git rev-parse --show-toplevel [1ms]
2024-04-17 00:56:00.604 [info] fatal: not a git repository (or any of the parent directories): .git
2024-04-17 00:56:00.672 [info] > git rev-parse --show-toplevel [0ms]
2024-04-17 00:56:00.672 [info] fatal: not a git repository (or any of the parent directories): .git
2024-04-17 00:56:01.655 [info] > git rev-parse --show-toplevel [1ms]
2024-04-17 00:56:01.655 [info] fatal: not a git repository (or any of the parent directories): .git
2024-04-17 00:59:01.764 [info] > git rev-parse --show-toplevel [2ms]
2024-04-17 00:59:01.764 [info] fatal: not a git repository (or any of the parent directories): .git
2024-04-17 01:00:53.297 [info] > git rev-parse --show-toplevel [1ms]
2024-04-17 01:00:53.297 [info] fatal: not a git repository (or any of the parent directories): .git
2024-04-17 01:01:38.725 [info] > git rev-parse --show-toplevel [1ms]
2024-04-17 01:01:38.725 [info] fatal: not a git repository (or any of the parent directories): .git
2024-04-17 01:02:04.750 [info] > git rev-parse --show-toplevel [1ms]
2024-04-17 01:02:04.750 [info] fatal: not a git repository (or any of the parent directories): .git
2024-04-17 01:02:39.762 [info] > git rev-parse --show-toplevel [1ms]
2024-04-17 01:02:39.762 [info] fatal: not a git repository (or any of the parent directories): .git
2024-04-17 01:02:41.553 [info] > git rev-parse --show-toplevel [1ms]
2024-04-17 01:02:41.553 [info] fatal: not a git repository (or any of the parent directories): .git
2024-04-17 01:05:39.869 [info] > git rev-parse --show-toplevel [1ms]
2024-04-17 01:05:39.869 [info] fatal: not a git repository (or any of the parent directories): .git
2024-04-17 01:07:35.599 [info] > git rev-parse --show-toplevel [1ms]
2024-04-17 01:07:35.599 [info] fatal: not a git repository (or any of the parent directories): .git
2024-04-17 01:10:02.694 [info] > git rev-parse --show-toplevel [1ms]
2024-04-17 01:10:02.694 [info] fatal: not a git repository (or any of the parent directories): .git
2024-04-17 01:10:11.471 [info] > git rev-parse --show-toplevel [1ms]
2024-04-17 01:10:11.471 [info] fatal: not a git repository (or any of the parent directories): .git
2024-04-17 01:10:18.916 [info] > git rev-parse --show-toplevel [1ms]
2024-04-17 01:10:18.916 [info] fatal: not a git repository (or any of the parent directories): .git
2024-04-17 01:10:19.929 [info] > git rev-parse --show-toplevel [1ms]
2024-04-17 01:10:19.929 [info] fatal: not a git repository (or any of the parent directories): .git
2024-04-17 01:10:20.798 [info] > git rev-parse --show-toplevel [1ms]
2024-04-17 01:10:20.798 [info] fatal: not a git repository (or any of the parent directories): .git
2024-04-17 01:10:40.913 [info] > git rev-parse --show-toplevel [1ms]
2024-04-17 01:10:40.913 [info] fatal: not a git repository (or any of the parent directories): .git
2024-04-17 01:11:13.683 [info] > git rev-parse --show-toplevel [1ms]
2024-04-17 01:11:13.683 [info] fatal: not a git repository (or any of the parent directories): .git
2024-04-17 01:11:35.513 [info] > git rev-parse --show-toplevel [1ms]
2024-04-17 01:11:35.513 [info] fatal: not a git repository (or any of the parent directories): .git
2024-04-17 01:11:52.701 [info] > git rev-parse --show-toplevel [1ms]
2024-04-17 01:11:52.701 [info] fatal: not a git repository (or any of the parent directories): .git
2024-04-17 01:12:25.924 [info] > git rev-parse --show-toplevel [1ms]
2024-04-17 01:12:25.924 [info] fatal: not a git repository (or any of the parent directories): .git
2024-04-17 01:12:32.298 [info] > git rev-parse --show-toplevel [1ms]
2024-04-17 01:12:32.298 [info] fatal: not a git repository (or any of the parent directories): .git
2024-04-17 01:28:16.250 [info] > git rev-parse --show-toplevel [1ms]
2024-04-17 01:28:16.250 [info] fatal: not a git repository (or any of the parent directories): .git
2024-04-17 01:28:20.196 [info] > git rev-parse --show-toplevel [1ms]
2024-04-17 01:28:20.196 [info] fatal: not a git repository (or any of the parent directories): .git
2024-04-17 01:31:00.761 [info] > git rev-parse --show-toplevel [1ms]
2024-04-17 01:31:00.761 [info] fatal: not a git repository (or any of the parent directories): .git
2024-04-17 01:32:19.511 [info] > git rev-parse --show-toplevel [1ms]
2024-04-17 01:32:19.511 [info] fatal: not a git repository (or any of the parent directories): .git
