2024-04-16 17:47:54.116 [info] Log level: Info
2024-04-16 17:47:54.116 [info] Validating found git in: "git"
2024-04-16 17:47:54.116 [info] Using git "2.44.0" from "git"
2024-04-16 17:47:54.116 [info] > git rev-parse --show-toplevel [5ms]
2024-04-16 17:47:54.116 [info] > git rev-parse --git-dir --git-common-dir [2ms]
2024-04-16 17:47:54.116 [info] Open repository: /home/lyzer/B-PSU-200-PAR-2-1-minishell2-liam.harfouche
2024-04-16 17:47:54.117 [info] > git config --get commit.template [3ms]
2024-04-16 17:47:54.118 [info] > git rev-parse --show-toplevel [2ms]
2024-04-16 17:47:54.123 [info] > git for-each-ref --format %(refname) %(objectname) %(*objectname) refs/tags [3ms]
2024-04-16 17:47:54.127 [info] > git rev-parse --show-toplevel [4ms]
2024-04-16 17:47:54.147 [info] > git status -z -uall [21ms]
2024-04-16 17:47:54.147 [info] > git rev-parse --show-toplevel [17ms]
2024-04-16 17:47:54.157 [info] > git config --get commit.template [2ms]
2024-04-16 17:47:54.161 [info] > git for-each-ref --format %(refname) %(objectname) %(*objectname) refs/tags [1ms]
2024-04-16 17:47:54.165 [info] > git status -z -uall [2ms]
2024-04-16 17:47:54.598 [info] > git show --textconv :Makefile [7ms]
2024-04-16 17:47:54.599 [info] > git ls-files --stage -- /home/lyzer/B-PSU-200-PAR-2-1-minishell2-liam.harfouche/Makefile [3ms]
2024-04-16 17:47:54.606 [info] > git cat-file -s 2aa08b4dbc62d6181157a8e1836e2f89e1974a64 [3ms]
2024-04-16 17:47:54.664 [info] > git check-ignore -v -z --stdin [2ms]
2024-04-16 17:47:56.556 [info] > git check-ignore -v -z --stdin [2ms]
2024-04-16 17:47:58.423 [info] > git show --textconv :src/main.c [5ms]
2024-04-16 17:47:58.424 [info] > git ls-files --stage -- /home/lyzer/B-PSU-200-PAR-2-1-minishell2-liam.harfouche/src/main.c [2ms]
2024-04-16 17:47:58.430 [info] > git cat-file -s 43d897e6470ca87cd0e7d6f253407dfdef18c6c1 [2ms]
2024-04-16 17:48:04.475 [info] > git config --get commit.template [5ms]
2024-04-16 17:48:04.476 [info] > git for-each-ref --format %(refname) %(objectname) %(*objectname) refs/tags [2ms]
2024-04-16 17:48:04.482 [info] > git status -z -uall [2ms]
2024-04-16 17:48:09.497 [info] > git config --get commit.template [5ms]
2024-04-16 17:48:09.498 [info] > git for-each-ref --format %(refname) %(objectname) %(*objectname) refs/tags [2ms]
2024-04-16 17:48:09.504 [info] > git status -z -uall [2ms]
2024-04-16 17:48:14.520 [info] > git config --get commit.template [5ms]
2024-04-16 17:48:14.521 [info] > git for-each-ref --format %(refname) %(objectname) %(*objectname) refs/tags [1ms]
2024-04-16 17:48:14.528 [info] > git status -z -uall [3ms]
2024-04-16 17:48:19.547 [info] > git config --get commit.template [5ms]
2024-04-16 17:48:19.548 [info] > git for-each-ref --format %(refname) %(objectname) %(*objectname) refs/tags [1ms]
2024-04-16 17:48:19.554 [info] > git status -z -uall [3ms]
2024-04-16 17:52:19.499 [info] > git config --get commit.template [5ms]
2024-04-16 17:52:19.499 [info] > git for-each-ref --format %(refname) %(objectname) %(*objectname) refs/tags [2ms]
2024-04-16 17:52:19.506 [info] > git status -z -uall [3ms]
