2024-05-11 15:08:12.724 [info] Log level: Info
2024-05-11 15:08:12.724 [info] Validating found git in: "git"
2024-05-11 15:08:12.724 [info] Using git "2.45.0" from "git"
2024-05-11 15:08:12.724 [info] > git rev-parse --show-toplevel [3ms]
2024-05-11 15:08:12.724 [info] > git rev-parse --git-dir --git-common-dir [64ms]
2024-05-11 15:08:12.724 [info] Open repository: /home/lyzer/my_rpg
2024-05-11 15:08:12.729 [info] > git rev-parse --show-toplevel [8ms]
2024-05-11 15:08:12.730 [info] > git config --get commit.template [10ms]
2024-05-11 15:08:12.751 [info] > git rev-parse --show-toplevel [16ms]
2024-05-11 15:08:12.757 [info] > git for-each-ref --format=%(refname)%00%(upstream:short)%00%(objectname)%00%(upstream:track)%00%(upstream:remotename)%00%(upstream:remoteref) refs/heads/main refs/remotes/main [15ms]
2024-05-11 15:08:12.758 [info] > git rev-parse --show-toplevel [2ms]
2024-05-11 15:08:12.795 [info] > git status -z -uall [5ms]
2024-05-11 15:08:12.796 [info] > git rev-parse --show-toplevel [10ms]
2024-05-11 15:08:12.825 [info] > git merge-base refs/heads/main refs/remotes/origin/main [20ms]
2024-05-11 15:08:12.829 [info] > git rev-parse --show-toplevel [27ms]
2024-05-11 15:08:12.835 [info] > git config --get commit.template [11ms]
2024-05-11 15:08:12.837 [info] > git rev-parse --show-toplevel [4ms]
2024-05-11 15:08:12.838 [info] > git rev-list --count --left-right refs/heads/main...refs/remotes/origin/main [10ms]
2024-05-11 15:08:12.848 [info] > git diff --name-status -z --diff-filter=ADMR 1f706441d6533e6cf26504cf9ad1201486d480f0...refs/remotes/origin/main [7ms]
2024-05-11 15:08:12.850 [info] > git for-each-ref --format=%(refname)%00%(upstream:short)%00%(objectname)%00%(upstream:track)%00%(upstream:remotename)%00%(upstream:remoteref) refs/heads/main refs/remotes/main [3ms]
2024-05-11 15:08:12.887 [info] > git status -z -uall [2ms]
2024-05-11 15:08:13.202 [info] > git check-ignore -v -z --stdin [7ms]
2024-05-11 15:08:13.202 [info] > git show --textconv :src/description.c [4ms]
2024-05-11 15:08:13.203 [info] > git ls-files --stage -- /home/lyzer/my_rpg/src/description.c [2ms]
2024-05-11 15:08:13.207 [info] > git cat-file -s 76a06c005a57ccdd9638ee59e9e853e1709448ee [1ms]
