2024-05-12 11:48:25.718 [info] Log level: Info
2024-05-12 11:48:25.718 [info] Validating found git in: "git"
2024-05-12 11:48:25.718 [info] Using git "2.45.0" from "git"
2024-05-12 11:48:25.718 [info] > git rev-parse --show-toplevel [2ms]
2024-05-12 11:48:25.718 [info] > git rev-parse --git-dir --git-common-dir [2ms]
2024-05-12 11:48:25.718 [info] Open repository: /home/lyzer/B-AIA-200-PAR-2-1-n4s-louis.thomas
2024-05-12 11:48:25.718 [info] > git config --get commit.template [5ms]
2024-05-12 11:48:25.718 [info] > git rev-parse --show-toplevel [14ms]
2024-05-12 11:48:25.718 [info] > git for-each-ref --format=%(refname)%00%(upstream:short)%00%(objectname)%00%(upstream:track)%00%(upstream:remotename)%00%(upstream:remoteref) refs/heads/main refs/remotes/main [4ms]
2024-05-12 11:48:25.718 [info] > git rev-parse --show-toplevel [5ms]
2024-05-12 11:48:25.718 [info] > git status -z -uall [5ms]
2024-05-12 11:48:25.718 [info] > git merge-base refs/heads/main refs/remotes/origin/main [5ms]
2024-05-12 11:48:25.718 [info] > git rev-parse --show-toplevel [13ms]
2024-05-12 11:48:25.718 [info] > git config --get commit.template [8ms]
2024-05-12 11:48:25.718 [info] > git rev-parse --show-toplevel [1ms]
2024-05-12 11:48:25.718 [info] > git rev-list --count --left-right refs/heads/main...refs/remotes/origin/main [7ms]
2024-05-12 11:48:25.718 [info] > git rev-parse --show-toplevel [29ms]
2024-05-12 11:48:25.718 [info] > git for-each-ref --format=%(refname)%00%(upstream:short)%00%(objectname)%00%(upstream:track)%00%(upstream:remotename)%00%(upstream:remoteref) refs/heads/main refs/remotes/main [34ms]
2024-05-12 11:48:25.718 [info] > git diff --name-status -z --diff-filter=ADMR 499fcca4db48b38ead5505ca5fe043d6d3c28e98...refs/remotes/origin/main [37ms]
2024-05-12 11:48:25.719 [info] > git status -z -uall [2ms]
2024-05-12 11:48:26.218 [info] > git check-ignore -v -z --stdin [2ms]
2024-05-12 11:48:35.706 [info] > git show --textconv :src/loop.c [4ms]
2024-05-12 11:48:35.708 [info] > git ls-files --stage -- /home/lyzer/B-AIA-200-PAR-2-1-n4s-louis.thomas/src/loop.c [2ms]
2024-05-12 11:48:35.714 [info] > git cat-file -s 18d4f278e56c62babaa2157fb9e78983b5079009 [3ms]
2024-05-12 11:48:49.173 [info] > git config --get commit.template [3ms]
2024-05-12 11:48:49.174 [info] > git for-each-ref --format=%(refname)%00%(upstream:short)%00%(objectname)%00%(upstream:track)%00%(upstream:remotename)%00%(upstream:remoteref) refs/heads/main refs/remotes/main [1ms]
2024-05-12 11:48:49.178 [info] > git status -z -uall [1ms]
2024-05-12 11:48:54.186 [info] > git config --get commit.template [2ms]
2024-05-12 11:48:54.189 [info] > git for-each-ref --format=%(refname)%00%(upstream:short)%00%(objectname)%00%(upstream:track)%00%(upstream:remotename)%00%(upstream:remoteref) refs/heads/main refs/remotes/main [1ms]
2024-05-12 11:48:54.194 [info] > git status -z -uall [2ms]
2024-05-12 11:49:35.301 [info] > git config --get commit.template [6ms]
2024-05-12 11:49:35.302 [info] > git for-each-ref --format=%(refname)%00%(upstream:short)%00%(objectname)%00%(upstream:track)%00%(upstream:remotename)%00%(upstream:remoteref) refs/heads/main refs/remotes/main [2ms]
2024-05-12 11:49:35.309 [info] > git status -z -uall [3ms]
2024-05-12 11:49:40.317 [info] > git config --get commit.template [1ms]
2024-05-12 11:49:40.320 [info] > git for-each-ref --format=%(refname)%00%(upstream:short)%00%(objectname)%00%(upstream:track)%00%(upstream:remotename)%00%(upstream:remoteref) refs/heads/main refs/remotes/main [1ms]
2024-05-12 11:49:40.324 [info] > git status -z -uall [1ms]
