2024-04-17 14:38:04.740 [info] Log level: Info
2024-04-17 14:38:04.741 [info] Validating found git in: "git"
2024-04-17 14:38:04.741 [info] Using git "2.44.0" from "git"
2024-04-17 14:38:04.741 [info] > git rev-parse --show-toplevel [5ms]
2024-04-17 14:38:04.741 [info] > git rev-parse --git-dir --git-common-dir [8ms]
2024-04-17 14:38:04.741 [info] Open repository: /home/lyzer/B-PSU-200-PAR-2-1-minishell2-liam.harfouche
2024-04-17 14:38:04.741 [info] > git rev-parse --show-toplevel [2ms]
2024-04-17 14:38:04.741 [info] > git config --get commit.template [4ms]
2024-04-17 14:38:04.746 [info] > git for-each-ref --format %(refname) %(objectname) %(*objectname) refs/tags [0ms]
2024-04-17 14:38:04.749 [info] > git rev-parse --show-toplevel [5ms]
2024-04-17 14:38:04.752 [info] > git status -z -uall [3ms]
2024-04-17 14:38:04.752 [info] > git rev-parse --show-toplevel [1ms]
2024-04-17 14:38:04.776 [info] > git config --get commit.template [2ms]
2024-04-17 14:38:04.776 [info] > git rev-parse --show-toplevel [4ms]
2024-04-17 14:38:04.780 [info] > git for-each-ref --format %(refname) %(objectname) %(*objectname) refs/tags [1ms]
2024-04-17 14:38:04.783 [info] > git status -z -uall [1ms]
2024-04-17 14:38:05.288 [info] > git check-ignore -v -z --stdin [8ms]
2024-04-17 14:38:05.301 [info] > git show --textconv :src/main.c [4ms]
2024-04-17 14:38:05.302 [info] > git ls-files --stage -- /home/lyzer/B-PSU-200-PAR-2-1-minishell2-liam.harfouche/src/main.c [1ms]
2024-04-17 14:38:05.305 [info] > git cat-file -s 43d897e6470ca87cd0e7d6f253407dfdef18c6c1 [1ms]
2024-04-17 14:38:12.967 [info] > git config --get commit.template [3ms]
2024-04-17 14:38:12.968 [info] > git for-each-ref --format %(refname) %(objectname) %(*objectname) refs/tags [1ms]
2024-04-17 14:38:12.971 [info] > git status -z -uall [2ms]
2024-04-17 14:38:17.980 [info] > git config --get commit.template [2ms]
2024-04-17 14:38:17.981 [info] > git for-each-ref --format %(refname) %(objectname) %(*objectname) refs/tags [1ms]
2024-04-17 14:38:17.984 [info] > git status -z -uall [1ms]
2024-04-17 14:38:35.545 [info] > git config --get commit.template [1ms]
2024-04-17 14:38:35.548 [info] > git for-each-ref --format %(refname) %(objectname) %(*objectname) refs/tags [1ms]
2024-04-17 14:38:35.551 [info] > git status -z -uall [1ms]
2024-04-17 14:38:40.560 [info] > git config --get commit.template [3ms]
2024-04-17 14:38:40.560 [info] > git for-each-ref --format %(refname) %(objectname) %(*objectname) refs/tags [1ms]
2024-04-17 14:38:40.563 [info] > git status -z -uall [1ms]
2024-04-17 14:38:45.804 [info] > git config --get commit.template [3ms]
2024-04-17 14:38:45.805 [info] > git for-each-ref --format %(refname) %(objectname) %(*objectname) refs/tags [1ms]
2024-04-17 14:38:45.808 [info] > git status -z -uall [2ms]
2024-04-17 14:38:52.365 [info] > git config --get commit.template [3ms]
2024-04-17 14:38:52.366 [info] > git for-each-ref --format %(refname) %(objectname) %(*objectname) refs/tags [1ms]
2024-04-17 14:38:52.369 [info] > git status -z -uall [1ms]
2024-04-17 14:38:57.512 [info] > git config --get commit.template [2ms]
2024-04-17 14:38:57.513 [info] > git for-each-ref --format %(refname) %(objectname) %(*objectname) refs/tags [1ms]
2024-04-17 14:38:57.516 [info] > git status -z -uall [2ms]
2024-04-17 14:39:02.728 [info] > git config --get commit.template [2ms]
2024-04-17 14:39:02.729 [info] > git for-each-ref --format %(refname) %(objectname) %(*objectname) refs/tags [1ms]
2024-04-17 14:39:02.732 [info] > git status -z -uall [2ms]
2024-04-17 14:39:07.739 [info] > git config --get commit.template [3ms]
2024-04-17 14:39:07.739 [info] > git for-each-ref --format %(refname) %(objectname) %(*objectname) refs/tags [1ms]
2024-04-17 14:39:07.742 [info] > git status -z -uall [2ms]
2024-04-17 14:39:12.748 [info] > git config --get commit.template [0ms]
2024-04-17 14:39:12.751 [info] > git for-each-ref --format %(refname) %(objectname) %(*objectname) refs/tags [0ms]
2024-04-17 14:39:12.755 [info] > git status -z -uall [2ms]
2024-04-17 14:39:17.768 [info] > git config --get commit.template [3ms]
2024-04-17 14:39:17.768 [info] > git for-each-ref --format %(refname) %(objectname) %(*objectname) refs/tags [1ms]
2024-04-17 14:39:17.772 [info] > git status -z -uall [2ms]
2024-04-17 14:39:34.737 [info] > git config --get commit.template [2ms]
2024-04-17 14:39:34.738 [info] > git for-each-ref --format %(refname) %(objectname) %(*objectname) refs/tags [1ms]
2024-04-17 14:39:34.741 [info] > git status -z -uall [2ms]
2024-04-17 14:39:39.746 [info] > git config --get commit.template [1ms]
2024-04-17 14:39:39.749 [info] > git for-each-ref --format %(refname) %(objectname) %(*objectname) refs/tags [1ms]
2024-04-17 14:39:39.752 [info] > git status -z -uall [1ms]
2024-04-17 14:39:44.761 [info] > git config --get commit.template [3ms]
2024-04-17 14:39:44.761 [info] > git for-each-ref --format %(refname) %(objectname) %(*objectname) refs/tags [0ms]
2024-04-17 14:39:44.765 [info] > git status -z -uall [1ms]
2024-04-17 14:39:49.772 [info] > git for-each-ref --format %(refname) %(objectname) %(*objectname) refs/tags [0ms]
2024-04-17 14:39:49.772 [info] > git config --get commit.template [2ms]
2024-04-17 14:39:49.775 [info] > git status -z -uall [1ms]
2024-04-17 14:39:54.787 [info] > git config --get commit.template [2ms]
2024-04-17 14:39:54.787 [info] > git for-each-ref --format %(refname) %(objectname) %(*objectname) refs/tags [1ms]
2024-04-17 14:39:54.790 [info] > git status -z -uall [2ms]
2024-04-17 14:40:27.851 [info] > git check-ignore -v -z --stdin [1ms]
2024-04-17 14:40:28.950 [info] > git config --get commit.template [3ms]
2024-04-17 14:40:28.950 [info] > git for-each-ref --format %(refname) %(objectname) %(*objectname) refs/tags [0ms]
2024-04-17 14:40:28.954 [info] > git status -z -uall [1ms]
2024-04-17 14:40:48.535 [info] > git config --get commit.template [2ms]
2024-04-17 14:40:48.536 [info] > git for-each-ref --format %(refname) %(objectname) %(*objectname) refs/tags [1ms]
2024-04-17 14:40:48.539 [info] > git status -z -uall [2ms]
2024-04-17 14:40:53.547 [info] > git config --get commit.template [3ms]
2024-04-17 14:40:53.547 [info] > git for-each-ref --format %(refname) %(objectname) %(*objectname) refs/tags [1ms]
2024-04-17 14:40:53.551 [info] > git status -z -uall [2ms]
2024-04-17 14:40:58.563 [info] > git config --get commit.template [3ms]
2024-04-17 14:40:58.563 [info] > git for-each-ref --format %(refname) %(objectname) %(*objectname) refs/tags [0ms]
2024-04-17 14:40:58.566 [info] > git status -z -uall [1ms]
