2024-05-11 14:30:55.547 [info] Log level: Info
2024-05-11 14:30:55.547 [info] Validating found git in: "git"
2024-05-11 14:30:55.547 [info] Using git "2.45.0" from "git"
2024-05-11 14:30:55.547 [info] > git rev-parse --show-toplevel [8ms]
2024-05-11 14:30:55.547 [info] > git rev-parse --git-dir --git-common-dir [2ms]
2024-05-11 14:30:55.547 [info] Open repository: /home/lyzer/my_rpg
2024-05-11 14:30:55.548 [info] > git config --get commit.template [4ms]
2024-05-11 14:30:55.551 [info] > git rev-parse --show-toplevel [4ms]
2024-05-11 14:30:55.562 [info] > git for-each-ref --format=%(refname)%00%(upstream:short)%00%(objectname)%00%(upstream:track)%00%(upstream:remotename)%00%(upstream:remoteref) refs/heads/main refs/remotes/main [5ms]
2024-05-11 14:30:55.623 [info] > git rev-parse --show-toplevel [62ms]
2024-05-11 14:30:55.664 [info] > git rev-parse --show-toplevel [7ms]
2024-05-11 14:30:55.675 [info] > git status -z -uall [8ms]
2024-05-11 14:30:55.677 [info] > git rev-parse --show-toplevel [5ms]
2024-05-11 14:30:55.693 [info] > git merge-base refs/heads/main refs/remotes/origin/main [12ms]
2024-05-11 14:30:55.697 [info] > git config --get commit.template [5ms]
2024-05-11 14:30:55.697 [info] > git rev-parse --show-toplevel [7ms]
2024-05-11 14:30:55.728 [info] > git rev-list --count --left-right refs/heads/main...refs/remotes/origin/main [32ms]
2024-05-11 14:30:55.737 [info] > git for-each-ref --format=%(refname)%00%(upstream:short)%00%(objectname)%00%(upstream:track)%00%(upstream:remotename)%00%(upstream:remoteref) refs/heads/main refs/remotes/main [10ms]
2024-05-11 14:30:55.737 [info] > git rev-parse --show-toplevel [36ms]
2024-05-11 14:30:55.742 [info] > git diff --name-status -z --diff-filter=ADMR 1f706441d6533e6cf26504cf9ad1201486d480f0...refs/remotes/origin/main [10ms]
2024-05-11 14:30:55.782 [info] > git status -z -uall [3ms]
