2024-05-07T13:07:12.764Z 0: 

----------------------------------------------
2024-05-07T13:07:12.775Z 1: Discord starting: {"releaseChannel":"stable","version":"0.0.53"}, modulepath: /home/lyzer/.config/discord/0.0.53/modules
2024-05-07T13:07:12.778Z 2: ✅ webContents.created web1 ""
2024-05-07T13:07:12.782Z 3: ✅ window.created win1 "discord"
2024-05-07T13:07:13.054Z 4: ✅ webContents.did-finish-load web1
2024-05-07T13:07:31.795Z 5: ✅ webContents.created web2 ""
2024-05-07T13:07:31.801Z 6: ✅ window.created win2 "Discord"
2024-05-07T13:07:35.175Z 7: ✅ webContents.did-finish-load web2
2024-05-07T13:07:35.276Z 8: window.close win1
2024-05-07T13:07:35.290Z 9: webContents.destroyed web1
2024-05-07T13:07:35.291Z 10: window.closed win1
2024-05-07T13:07:37.024Z 11: ✅ webContents.did-finish-load web2
2024-05-07T13:07:38.579Z 12: window.close win2
2024-05-07T13:28:38.081Z 0: 

----------------------------------------------
2024-05-07T13:28:38.095Z 1: Discord starting: {"releaseChannel":"stable","version":"0.0.53"}, modulepath: /home/lyzer/.config/discord/0.0.53/modules
2024-05-07T13:28:38.105Z 2: ✅ webContents.created web1 ""
2024-05-07T13:28:38.108Z 3: ✅ window.created win1 "discord"
2024-05-07T13:28:38.282Z 4: ✅ webContents.did-finish-load web1
2024-05-07T13:28:38.532Z 5: ✅ webContents.created web2 ""
2024-05-07T13:28:38.538Z 6: ✅ window.created win2 "Discord"
2024-05-07T13:28:39.676Z 7: ✅ webContents.did-finish-load web2
2024-05-07T13:28:39.776Z 8: window.close win1
2024-05-07T13:28:39.784Z 9: webContents.destroyed web1
2024-05-07T13:28:39.785Z 10: window.closed win1
2024-05-07T13:48:20.550Z 11: window.close win2
2024-05-07T13:53:21.888Z 12: window.close win2
2024-05-07T14:21:53.817Z 0: 

----------------------------------------------
2024-05-07T14:21:53.824Z 1: Discord starting: {"releaseChannel":"stable","version":"0.0.53"}, modulepath: /home/lyzer/.config/discord/0.0.53/modules
2024-05-07T14:24:43.645Z 13: window.close win2
2024-05-07T14:32:10.347Z 0: 

----------------------------------------------
2024-05-07T14:32:10.358Z 1: Discord starting: {"releaseChannel":"stable","version":"0.0.53"}, modulepath: /home/lyzer/.config/discord/0.0.53/modules
2024-05-07T14:38:31.363Z 0: 

----------------------------------------------
2024-05-07T14:38:31.391Z 1: Discord starting: {"releaseChannel":"stable","version":"0.0.53"}, modulepath: /home/lyzer/.config/discord/0.0.53/modules
2024-05-07T14:38:31.402Z 2: ✅ webContents.created web1 ""
2024-05-07T14:38:31.403Z 3: ✅ window.created win1 "discord"
2024-05-07T14:38:31.655Z 4: ✅ webContents.did-finish-load web1
2024-05-07T14:38:31.999Z 5: ✅ webContents.created web2 ""
2024-05-07T14:38:32.002Z 6: ✅ window.created win2 "Discord"
2024-05-07T14:38:32.987Z 7: ✅ webContents.did-finish-load web2
2024-05-07T14:38:33.083Z 8: window.close win1
2024-05-07T14:38:33.112Z 9: webContents.destroyed web1
2024-05-07T14:38:33.114Z 10: window.closed win1
2024-05-07T14:41:04.170Z 11: window.close win2
2024-05-07T14:43:21.463Z 0: 

----------------------------------------------
2024-05-07T14:43:21.466Z 1: Discord starting: {"releaseChannel":"stable","version":"0.0.53"}, modulepath: /home/lyzer/.config/discord/0.0.53/modules
2024-05-07T14:53:25.684Z 0: 

----------------------------------------------
2024-05-07T14:53:25.696Z 1: Discord starting: {"releaseChannel":"stable","version":"0.0.53"}, modulepath: /home/lyzer/.config/discord/0.0.53/modules
2024-05-07T14:53:25.708Z 2: ✅ webContents.created web1 ""
2024-05-07T14:53:25.710Z 3: ✅ window.created win1 "discord"
2024-05-07T14:53:25.912Z 4: ✅ webContents.did-finish-load web1
2024-05-07T14:53:26.139Z 5: ✅ webContents.created web2 ""
2024-05-07T14:53:26.141Z 6: ✅ window.created win2 "Discord"
2024-05-07T14:53:27.182Z 7: ✅ webContents.did-finish-load web2
2024-05-07T14:53:27.278Z 8: window.close win1
2024-05-07T14:53:27.309Z 9: webContents.destroyed web1
2024-05-07T14:53:27.313Z 10: window.closed win1
2024-05-07T14:53:32.386Z 11: window.close win2
2024-05-07T15:45:08.607Z 12: before-quit
2024-05-07T16:13:53.656Z 0: 

----------------------------------------------
2024-05-07T16:13:53.683Z 1: Discord starting: {"releaseChannel":"stable","version":"0.0.53"}, modulepath: /home/lyzer/.config/discord/0.0.53/modules
2024-05-07T16:13:53.695Z 2: ✅ webContents.created web1 ""
2024-05-07T16:13:53.698Z 3: ✅ window.created win1 "discord"
2024-05-07T16:13:53.915Z 4: ✅ webContents.did-finish-load web1
2024-05-07T16:13:54.235Z 5: ✅ webContents.created web2 ""
2024-05-07T16:13:54.240Z 6: ✅ window.created win2 "Discord"
2024-05-07T16:13:55.453Z 7: ✅ webContents.did-finish-load web2
2024-05-07T16:13:55.554Z 8: window.close win1
2024-05-07T16:13:55.576Z 9: webContents.destroyed web1
2024-05-07T16:13:55.578Z 10: window.closed win1
2024-05-07T16:13:57.442Z 11: webContents.destroyed web2
2024-05-07T16:35:12.867Z 0: 

----------------------------------------------
2024-05-07T16:35:12.878Z 1: Discord starting: {"releaseChannel":"stable","version":"0.0.53"}, modulepath: /home/lyzer/.config/discord/0.0.53/modules
2024-05-07T16:35:12.885Z 2: ✅ webContents.created web1 ""
2024-05-07T16:35:12.887Z 3: ✅ window.created win1 "discord"
2024-05-07T16:35:13.091Z 4: ✅ webContents.did-finish-load web1
2024-05-07T16:35:13.305Z 5: ✅ webContents.created web2 ""
2024-05-07T16:35:13.308Z 6: ✅ window.created win2 "Discord"
2024-05-07T16:35:14.247Z 7: ✅ webContents.did-finish-load web2
2024-05-07T16:35:14.346Z 8: window.close win1
2024-05-07T16:35:14.361Z 9: webContents.destroyed web1
2024-05-07T16:35:14.362Z 10: window.closed win1
2024-05-07T16:35:14.485Z 11: window.close win2
2024-05-07T16:41:17.067Z 0: 

----------------------------------------------
2024-05-07T16:41:17.094Z 1: Discord starting: {"releaseChannel":"stable","version":"0.0.53"}, modulepath: /home/lyzer/.config/discord/0.0.53/modules
2024-05-07T16:41:17.102Z 2: ✅ webContents.created web1 ""
2024-05-07T16:41:17.103Z 3: ✅ window.created win1 "discord"
2024-05-07T16:41:17.317Z 4: ✅ webContents.did-finish-load web1
2024-05-07T16:41:17.536Z 5: ✅ webContents.created web2 ""
2024-05-07T16:41:17.538Z 6: ✅ window.created win2 "Discord"
2024-05-07T16:41:18.458Z 7: ✅ webContents.did-finish-load web2
2024-05-07T16:41:18.553Z 8: window.close win1
2024-05-07T16:41:18.568Z 9: webContents.destroyed web1
2024-05-07T16:41:18.571Z 10: window.closed win1
2024-05-07T16:41:20.256Z 11: window.close win2
2024-05-07T16:53:54.062Z 12: before-quit
2024-05-11T13:14:06.699Z 0: 

----------------------------------------------
2024-05-11T13:14:06.722Z 1: Discord starting: {"releaseChannel":"stable","version":"0.0.53"}, modulepath: /home/lyzer/.config/discord/0.0.53/modules
2024-05-11T13:14:06.731Z 2: ✅ webContents.created web1 ""
2024-05-11T13:14:06.735Z 3: ✅ window.created win1 "discord"
2024-05-11T13:14:06.961Z 4: ✅ webContents.did-finish-load web1
2024-05-11T13:14:07.388Z 5: ✅ webContents.created web2 ""
2024-05-11T13:14:07.393Z 6: ✅ window.created win2 "Discord"
2024-05-11T13:14:10.591Z 7: ✅ webContents.did-finish-load web2
2024-05-11T13:14:10.691Z 8: window.close win1
2024-05-11T13:14:10.701Z 9: webContents.destroyed web1
2024-05-11T13:14:10.704Z 10: window.closed win1
2024-05-11T13:15:43.659Z 11: window.close win2
2024-05-11T13:23:21.700Z 0: 

----------------------------------------------
2024-05-11T13:23:21.709Z 1: Discord starting: {"releaseChannel":"stable","version":"0.0.53"}, modulepath: /home/lyzer/.config/discord/0.0.53/modules
