2024-05-07 18:56:19.746 [info] Log level: Info
2024-05-07 18:56:19.746 [info] Validating found git in: "git"
2024-05-07 18:56:19.746 [info] Using git "2.45.0" from "git"
2024-05-07 18:56:19.746 [info] > git rev-parse --show-toplevel [12ms]
2024-05-07 18:56:19.746 [info] > git rev-parse --git-dir --git-common-dir [1ms]
2024-05-07 18:56:19.746 [info] Open repository: /home/lyzer/my_rpg
2024-05-07 18:56:19.758 [info] > git rev-parse --show-toplevel [7ms]
2024-05-07 18:56:19.758 [info] > git config --get commit.template [9ms]
2024-05-07 18:56:19.767 [info] > git rev-parse --show-toplevel [6ms]
2024-05-07 18:56:19.769 [info] > git for-each-ref --format=%(refname)%00%(upstream:short)%00%(objectname)%00%(upstream:track)%00%(upstream:remotename)%00%(upstream:remoteref) refs/heads/main refs/remotes/main [4ms]
2024-05-07 18:56:19.770 [info] > git rev-parse --show-toplevel [1ms]
2024-05-07 18:56:19.800 [info] > git rev-parse --show-toplevel [28ms]
2024-05-07 18:56:19.807 [info] > git status -z -uall [8ms]
2024-05-07 18:56:19.827 [info] > git merge-base refs/heads/main refs/remotes/origin/main [16ms]
2024-05-07 18:56:19.831 [info] > git rev-parse --show-toplevel [25ms]
2024-05-07 18:56:19.851 [info] > git config --get commit.template [25ms]
2024-05-07 18:56:19.854 [info] > git rev-parse --show-toplevel [4ms]
2024-05-07 18:56:19.856 [info] > git rev-list --count --left-right refs/heads/main...refs/remotes/origin/main [25ms]
2024-05-07 18:56:19.879 [info] > git for-each-ref --format=%(refname)%00%(upstream:short)%00%(objectname)%00%(upstream:track)%00%(upstream:remotename)%00%(upstream:remoteref) refs/heads/main refs/remotes/main [14ms]
2024-05-07 18:56:19.879 [info] > git diff --name-status -z --diff-filter=ADMR 1f706441d6533e6cf26504cf9ad1201486d480f0...refs/remotes/origin/main [18ms]
2024-05-07 18:56:19.901 [info] > git status -z -uall [10ms]
2024-05-07 18:56:20.038 [info] > git show --textconv :src/description.c [4ms]
2024-05-07 18:56:20.038 [info] > git ls-files --stage -- /home/lyzer/my_rpg/src/description.c [1ms]
2024-05-07 18:56:20.042 [info] > git cat-file -s 76a06c005a57ccdd9638ee59e9e853e1709448ee [1ms]
2024-05-07 18:56:20.254 [info] > git check-ignore -v -z --stdin [0ms]
2024-05-07 18:56:25.282 [info] > git show --textconv :headers/my_rpg.h [2ms]
2024-05-07 18:56:25.282 [info] > git ls-files --stage -- /home/lyzer/my_rpg/headers/my_rpg.h [1ms]
2024-05-07 18:56:25.285 [info] > git cat-file -s 46414fd1a68a400d8b70fcd4c77dfee434e378a2 [1ms]
2024-05-07 18:56:31.099 [info] > git show --textconv :main/main.c [4ms]
2024-05-07 18:56:31.100 [info] > git ls-files --stage -- /home/lyzer/my_rpg/main/main.c [1ms]
2024-05-07 18:56:31.103 [info] > git cat-file -s 8b5e45d3bc21efb017e0ca4677e9a846fd1260ac [1ms]
2024-05-07 18:56:41.235 [info] > git show --textconv :Makefile [3ms]
2024-05-07 18:56:41.235 [info] > git ls-files --stage -- /home/lyzer/my_rpg/Makefile [1ms]
2024-05-07 18:56:41.238 [info] > git cat-file -s 7098c789ffb41d1de05ba3ce9da7d94f4a7c2ac8 [1ms]
2024-05-07 18:57:26.017 [info] > git config --get commit.template [3ms]
2024-05-07 18:57:26.017 [info] > git for-each-ref --format=%(refname)%00%(upstream:short)%00%(objectname)%00%(upstream:track)%00%(upstream:remotename)%00%(upstream:remoteref) refs/heads/main refs/remotes/main [1ms]
2024-05-07 18:57:26.020 [info] > git status -z -uall [1ms]
2024-05-07 18:57:32.327 [info] > git config --get commit.template [4ms]
2024-05-07 18:57:32.327 [info] > git for-each-ref --format=%(refname)%00%(upstream:short)%00%(objectname)%00%(upstream:track)%00%(upstream:remotename)%00%(upstream:remoteref) refs/heads/main refs/remotes/main [1ms]
2024-05-07 18:57:32.331 [info] > git status -z -uall [1ms]
2024-05-07 18:57:37.338 [info] > git config --get commit.template [3ms]
2024-05-07 18:57:37.339 [info] > git for-each-ref --format=%(refname)%00%(upstream:short)%00%(objectname)%00%(upstream:track)%00%(upstream:remotename)%00%(upstream:remoteref) refs/heads/main refs/remotes/main [1ms]
2024-05-07 18:57:37.342 [info] > git status -z -uall [1ms]
2024-05-07 18:57:42.347 [info] > git config --get commit.template [1ms]
2024-05-07 18:57:42.349 [info] > git for-each-ref --format=%(refname)%00%(upstream:short)%00%(objectname)%00%(upstream:track)%00%(upstream:remotename)%00%(upstream:remoteref) refs/heads/main refs/remotes/main [0ms]
2024-05-07 18:57:42.353 [info] > git status -z -uall [1ms]
2024-05-07 19:00:45.456 [info] > git show --textconv :src/description.c [2ms]
2024-05-07 19:00:45.457 [info] > git ls-files --stage -- /home/lyzer/my_rpg/src/description.c [1ms]
2024-05-07 19:00:45.459 [info] > git cat-file -s 76a06c005a57ccdd9638ee59e9e853e1709448ee [1ms]
2024-05-07 19:00:55.903 [info] > git config --get commit.template [3ms]
2024-05-07 19:00:55.903 [info] > git for-each-ref --format=%(refname)%00%(upstream:short)%00%(objectname)%00%(upstream:track)%00%(upstream:remotename)%00%(upstream:remoteref) refs/heads/main refs/remotes/main [1ms]
2024-05-07 19:00:55.907 [info] > git status -z -uall [1ms]
